ARM GAS  C:\Users\crist\AppData\Local\Temp\ccU9orB0.s 			page 1


   1              		.syntax unified
   2              		.cpu cortex-m3
   3              		.fpu softvfp
   4              		.eabi_attribute 20, 1
   5              		.eabi_attribute 21, 1
   6              		.eabi_attribute 23, 3
   7              		.eabi_attribute 24, 1
   8              		.eabi_attribute 25, 1
   9              		.eabi_attribute 26, 1
  10              		.eabi_attribute 30, 1
  11              		.eabi_attribute 34, 1
  12              		.eabi_attribute 18, 4
  13              		.thumb
  14              		.syntax unified
  15              		.file	"main.c"
  16              		.text
  17              	.Ltext0:
  18              		.cfi_sections	.debug_frame
  19              		.section	.text.InterruptRX,"ax",%progbits
  20              		.align	2
  21              		.global	InterruptRX
  22              		.thumb
  23              		.thumb_func
  24              		.type	InterruptRX, %function
  25              	InterruptRX:
  26              	.LFB63:
  27              		.file 1 "main.c"
   1:main.c        **** /* ========================================
   2:main.c        ****  *
   3:main.c        ****  * Copyright YOUR COMPANY, THE YEAR
   4:main.c        ****  * All Rights Reserved
   5:main.c        ****  * UNPUBLISHED, LICENSED SOFTWARE.
   6:main.c        ****  *
   7:main.c        ****  * CONFIDENTIAL AND PROPRIETARY INFORMATION
   8:main.c        ****  * WHICH IS THE PROPERTY OF your company.
   9:main.c        ****  *
  10:main.c        ****  * ========================================
  11:main.c        **** */
  12:main.c        **** #include "project.h"
  13:main.c        **** char dato;
  14:main.c        **** CY_ISR(InterruptRX)
  15:main.c        ****  {
  28              		.loc 1 15 0
  29              		.cfi_startproc
  30              		@ args = 0, pretend = 0, frame = 0
  31              		@ frame_needed = 0, uses_anonymous_args = 0
  32 0000 08B5     		push	{r3, lr}
  33              		.cfi_def_cfa_offset 8
  34              		.cfi_offset 3, -8
  35              		.cfi_offset 14, -4
  16:main.c        ****   dato=UART_1_GetChar();
  36              		.loc 1 16 0
  37 0002 FFF7FEFF 		bl	UART_1_GetChar
  38              	.LVL0:
  39 0006 094B     		ldr	r3, .L5
  40 0008 1870     		strb	r0, [r3]
  17:main.c        ****   if(dato=='0'){
ARM GAS  C:\Users\crist\AppData\Local\Temp\ccU9orB0.s 			page 2


  41              		.loc 1 17 0
  42 000a 3028     		cmp	r0, #48
  43 000c 05D1     		bne	.L2
  18:main.c        ****     UART_1_PutChar(5);
  44              		.loc 1 18 0
  45 000e 0520     		movs	r0, #5
  46 0010 FFF7FEFF 		bl	UART_1_PutChar
  47              	.LVL1:
  19:main.c        ****     OUTS_Write(0);}
  48              		.loc 1 19 0
  49 0014 0020     		movs	r0, #0
  50 0016 FFF7FEFF 		bl	OUTS_Write
  51              	.LVL2:
  52              	.L2:
  20:main.c        ****   if (dato=='1'){OUTS_Write(1);}
  53              		.loc 1 20 0
  54 001a 044B     		ldr	r3, .L5
  55 001c 1B78     		ldrb	r3, [r3]	@ zero_extendqisi2
  56 001e 312B     		cmp	r3, #49
  57 0020 02D1     		bne	.L1
  58              		.loc 1 20 0 is_stmt 0 discriminator 1
  59 0022 0120     		movs	r0, #1
  60 0024 FFF7FEFF 		bl	OUTS_Write
  61              	.LVL3:
  62              	.L1:
  63 0028 08BD     		pop	{r3, pc}
  64              	.L6:
  65 002a 00BF     		.align	2
  66              	.L5:
  67 002c 00000000 		.word	dato
  68              		.cfi_endproc
  69              	.LFE63:
  70              		.size	InterruptRX, .-InterruptRX
  71              		.section	.text.main,"ax",%progbits
  72              		.align	2
  73              		.global	main
  74              		.thumb
  75              		.thumb_func
  76              		.type	main, %function
  77              	main:
  78              	.LFB64:
  21:main.c        ****  }
  22:main.c        **** 
  23:main.c        **** int main(void)
  24:main.c        **** {
  79              		.loc 1 24 0 is_stmt 1
  80              		.cfi_startproc
  81              		@ Volatile: function does not return.
  82              		@ args = 0, pretend = 0, frame = 0
  83              		@ frame_needed = 0, uses_anonymous_args = 0
  84 0000 08B5     		push	{r3, lr}
  85              		.cfi_def_cfa_offset 8
  86              		.cfi_offset 3, -8
  87              		.cfi_offset 14, -4
  25:main.c        ****     UART_1_Start();
  88              		.loc 1 25 0
  89 0002 FFF7FEFF 		bl	UART_1_Start
ARM GAS  C:\Users\crist\AppData\Local\Temp\ccU9orB0.s 			page 3


  90              	.LVL4:
  26:main.c        ****     ISR_RX_StartEx(InterruptRX);
  91              		.loc 1 26 0
  92 0006 0248     		ldr	r0, .L10
  93 0008 FFF7FEFF 		bl	ISR_RX_StartEx
  94              	.LVL5:
  27:main.c        ****     CyGlobalIntEnable; /* Enable global interrupts. */
  95              		.loc 1 27 0
  96              		.syntax unified
  97              	@ 27 "main.c" 1
  98 000c 62B6     		CPSIE   i
  99              	@ 0 "" 2
 100              		.thumb
 101              		.syntax unified
 102              	.L8:
 103 000e FEE7     		b	.L8
 104              	.L11:
 105              		.align	2
 106              	.L10:
 107 0010 00000000 		.word	InterruptRX
 108              		.cfi_endproc
 109              	.LFE64:
 110              		.size	main, .-main
 111              		.comm	dato,1,1
 112              		.text
 113              	.Letext0:
 114              		.file 2 "c:\\program files (x86)\\cypress\\psoc creator\\4.2\\psoc creator\\import\\gnu\\arm\\5.4.
 115              		.file 3 "c:\\program files (x86)\\cypress\\psoc creator\\4.2\\psoc creator\\import\\gnu\\arm\\5.4.
 116              		.file 4 "Generated_Source\\PSoC5/core_cm3.h"
 117              		.file 5 "Generated_Source\\PSoC5/UART_1.h"
 118              		.file 6 "Generated_Source\\PSoC5/OUTS.h"
 119              		.file 7 "Generated_Source\\PSoC5/ISR_RX.h"
 120              		.section	.debug_info,"",%progbits
 121              	.Ldebug_info0:
 122 0000 84010000 		.4byte	0x184
 123 0004 0400     		.2byte	0x4
 124 0006 00000000 		.4byte	.Ldebug_abbrev0
 125 000a 04       		.byte	0x4
 126 000b 01       		.uleb128 0x1
 127 000c 46000000 		.4byte	.LASF23
 128 0010 0C       		.byte	0xc
 129 0011 2E000000 		.4byte	.LASF24
 130 0015 56010000 		.4byte	.LASF25
 131 0019 00000000 		.4byte	.Ldebug_ranges0+0
 132 001d 00000000 		.4byte	0
 133 0021 00000000 		.4byte	.Ldebug_line0
 134 0025 02       		.uleb128 0x2
 135 0026 01       		.byte	0x1
 136 0027 06       		.byte	0x6
 137 0028 3A000000 		.4byte	.LASF0
 138 002c 02       		.uleb128 0x2
 139 002d 01       		.byte	0x1
 140 002e 08       		.byte	0x8
 141 002f 15010000 		.4byte	.LASF1
 142 0033 02       		.uleb128 0x2
 143 0034 02       		.byte	0x2
 144 0035 05       		.byte	0x5
ARM GAS  C:\Users\crist\AppData\Local\Temp\ccU9orB0.s 			page 4


 145 0036 F4010000 		.4byte	.LASF2
 146 003a 02       		.uleb128 0x2
 147 003b 02       		.byte	0x2
 148 003c 07       		.byte	0x7
 149 003d 0E000000 		.4byte	.LASF3
 150 0041 03       		.uleb128 0x3
 151 0042 C9010000 		.4byte	.LASF9
 152 0046 02       		.byte	0x2
 153 0047 3F       		.byte	0x3f
 154 0048 4C000000 		.4byte	0x4c
 155 004c 02       		.uleb128 0x2
 156 004d 04       		.byte	0x4
 157 004e 05       		.byte	0x5
 158 004f 37010000 		.4byte	.LASF4
 159 0053 02       		.uleb128 0x2
 160 0054 04       		.byte	0x4
 161 0055 07       		.byte	0x7
 162 0056 D4000000 		.4byte	.LASF5
 163 005a 02       		.uleb128 0x2
 164 005b 08       		.byte	0x8
 165 005c 05       		.byte	0x5
 166 005d 00000000 		.4byte	.LASF6
 167 0061 02       		.uleb128 0x2
 168 0062 08       		.byte	0x8
 169 0063 07       		.byte	0x7
 170 0064 F1000000 		.4byte	.LASF7
 171 0068 04       		.uleb128 0x4
 172 0069 04       		.byte	0x4
 173 006a 05       		.byte	0x5
 174 006b 696E7400 		.ascii	"int\000"
 175 006f 02       		.uleb128 0x2
 176 0070 04       		.byte	0x4
 177 0071 07       		.byte	0x7
 178 0072 21000000 		.4byte	.LASF8
 179 0076 03       		.uleb128 0x3
 180 0077 FE010000 		.4byte	.LASF10
 181 007b 03       		.byte	0x3
 182 007c 2C       		.byte	0x2c
 183 007d 41000000 		.4byte	0x41
 184 0081 02       		.uleb128 0x2
 185 0082 04       		.byte	0x4
 186 0083 04       		.byte	0x4
 187 0084 E2010000 		.4byte	.LASF11
 188 0088 02       		.uleb128 0x2
 189 0089 08       		.byte	0x8
 190 008a 04       		.byte	0x4
 191 008b 4F010000 		.4byte	.LASF12
 192 008f 02       		.uleb128 0x2
 193 0090 01       		.byte	0x1
 194 0091 08       		.byte	0x8
 195 0092 23010000 		.4byte	.LASF13
 196 0096 02       		.uleb128 0x2
 197 0097 08       		.byte	0x8
 198 0098 04       		.byte	0x4
 199 0099 BD010000 		.4byte	.LASF14
 200 009d 02       		.uleb128 0x2
 201 009e 04       		.byte	0x4
ARM GAS  C:\Users\crist\AppData\Local\Temp\ccU9orB0.s 			page 5


 202 009f 07       		.byte	0x7
 203 00a0 06020000 		.4byte	.LASF15
 204 00a4 05       		.uleb128 0x5
 205 00a5 E8010000 		.4byte	.LASF26
 206 00a9 01       		.byte	0x1
 207 00aa 0E       		.byte	0xe
 208 00ab 00000000 		.4byte	.LFB63
 209 00af 30000000 		.4byte	.LFE63-.LFB63
 210 00b3 01       		.uleb128 0x1
 211 00b4 9C       		.byte	0x9c
 212 00b5 F8000000 		.4byte	0xf8
 213 00b9 06       		.uleb128 0x6
 214 00ba 06000000 		.4byte	.LVL0
 215 00be 50010000 		.4byte	0x150
 216 00c2 07       		.uleb128 0x7
 217 00c3 14000000 		.4byte	.LVL1
 218 00c7 5B010000 		.4byte	0x15b
 219 00cb D5000000 		.4byte	0xd5
 220 00cf 08       		.uleb128 0x8
 221 00d0 01       		.uleb128 0x1
 222 00d1 50       		.byte	0x50
 223 00d2 01       		.uleb128 0x1
 224 00d3 35       		.byte	0x35
 225 00d4 00       		.byte	0
 226 00d5 07       		.uleb128 0x7
 227 00d6 1A000000 		.4byte	.LVL2
 228 00da 66010000 		.4byte	0x166
 229 00de E8000000 		.4byte	0xe8
 230 00e2 08       		.uleb128 0x8
 231 00e3 01       		.uleb128 0x1
 232 00e4 50       		.byte	0x50
 233 00e5 01       		.uleb128 0x1
 234 00e6 30       		.byte	0x30
 235 00e7 00       		.byte	0
 236 00e8 09       		.uleb128 0x9
 237 00e9 28000000 		.4byte	.LVL3
 238 00ed 66010000 		.4byte	0x166
 239 00f1 08       		.uleb128 0x8
 240 00f2 01       		.uleb128 0x1
 241 00f3 50       		.byte	0x50
 242 00f4 01       		.uleb128 0x1
 243 00f5 31       		.byte	0x31
 244 00f6 00       		.byte	0
 245 00f7 00       		.byte	0
 246 00f8 0A       		.uleb128 0xa
 247 00f9 35000000 		.4byte	.LASF27
 248 00fd 01       		.byte	0x1
 249 00fe 17       		.byte	0x17
 250 00ff 68000000 		.4byte	0x68
 251 0103 00000000 		.4byte	.LFB64
 252 0107 14000000 		.4byte	.LFE64-.LFB64
 253 010b 01       		.uleb128 0x1
 254 010c 9C       		.byte	0x9c
 255 010d 2E010000 		.4byte	0x12e
 256 0111 06       		.uleb128 0x6
 257 0112 06000000 		.4byte	.LVL4
 258 0116 71010000 		.4byte	0x171
ARM GAS  C:\Users\crist\AppData\Local\Temp\ccU9orB0.s 			page 6


 259 011a 09       		.uleb128 0x9
 260 011b 0C000000 		.4byte	.LVL5
 261 011f 7C010000 		.4byte	0x17c
 262 0123 08       		.uleb128 0x8
 263 0124 01       		.uleb128 0x1
 264 0125 50       		.byte	0x50
 265 0126 05       		.uleb128 0x5
 266 0127 03       		.byte	0x3
 267 0128 00000000 		.4byte	InterruptRX
 268 012c 00       		.byte	0
 269 012d 00       		.byte	0
 270 012e 0B       		.uleb128 0xb
 271 012f AB010000 		.4byte	.LASF16
 272 0133 04       		.byte	0x4
 273 0134 1207     		.2byte	0x712
 274 0136 3A010000 		.4byte	0x13a
 275 013a 0C       		.uleb128 0xc
 276 013b 76000000 		.4byte	0x76
 277 013f 0D       		.uleb128 0xd
 278 0140 B8010000 		.4byte	.LASF17
 279 0144 01       		.byte	0x1
 280 0145 0D       		.byte	0xd
 281 0146 8F000000 		.4byte	0x8f
 282 014a 05       		.uleb128 0x5
 283 014b 03       		.byte	0x3
 284 014c 00000000 		.4byte	dato
 285 0150 0E       		.uleb128 0xe
 286 0151 D3010000 		.4byte	.LASF18
 287 0155 D3010000 		.4byte	.LASF18
 288 0159 05       		.byte	0x5
 289 015a 71       		.byte	0x71
 290 015b 0E       		.uleb128 0xe
 291 015c 40010000 		.4byte	.LASF19
 292 0160 40010000 		.4byte	.LASF19
 293 0164 05       		.byte	0x5
 294 0165 8A       		.byte	0x8a
 295 0166 0E       		.uleb128 0xe
 296 0167 E6000000 		.4byte	.LASF20
 297 016b E6000000 		.4byte	.LASF20
 298 016f 06       		.byte	0x6
 299 0170 26       		.byte	0x26
 300 0171 0E       		.uleb128 0xe
 301 0172 08010000 		.4byte	.LASF21
 302 0176 08010000 		.4byte	.LASF21
 303 017a 05       		.byte	0x5
 304 017b 54       		.byte	0x54
 305 017c 0E       		.uleb128 0xe
 306 017d 28010000 		.4byte	.LASF22
 307 0181 28010000 		.4byte	.LASF22
 308 0185 07       		.byte	0x7
 309 0186 18       		.byte	0x18
 310 0187 00       		.byte	0
 311              		.section	.debug_abbrev,"",%progbits
 312              	.Ldebug_abbrev0:
 313 0000 01       		.uleb128 0x1
 314 0001 11       		.uleb128 0x11
 315 0002 01       		.byte	0x1
ARM GAS  C:\Users\crist\AppData\Local\Temp\ccU9orB0.s 			page 7


 316 0003 25       		.uleb128 0x25
 317 0004 0E       		.uleb128 0xe
 318 0005 13       		.uleb128 0x13
 319 0006 0B       		.uleb128 0xb
 320 0007 03       		.uleb128 0x3
 321 0008 0E       		.uleb128 0xe
 322 0009 1B       		.uleb128 0x1b
 323 000a 0E       		.uleb128 0xe
 324 000b 55       		.uleb128 0x55
 325 000c 17       		.uleb128 0x17
 326 000d 11       		.uleb128 0x11
 327 000e 01       		.uleb128 0x1
 328 000f 10       		.uleb128 0x10
 329 0010 17       		.uleb128 0x17
 330 0011 00       		.byte	0
 331 0012 00       		.byte	0
 332 0013 02       		.uleb128 0x2
 333 0014 24       		.uleb128 0x24
 334 0015 00       		.byte	0
 335 0016 0B       		.uleb128 0xb
 336 0017 0B       		.uleb128 0xb
 337 0018 3E       		.uleb128 0x3e
 338 0019 0B       		.uleb128 0xb
 339 001a 03       		.uleb128 0x3
 340 001b 0E       		.uleb128 0xe
 341 001c 00       		.byte	0
 342 001d 00       		.byte	0
 343 001e 03       		.uleb128 0x3
 344 001f 16       		.uleb128 0x16
 345 0020 00       		.byte	0
 346 0021 03       		.uleb128 0x3
 347 0022 0E       		.uleb128 0xe
 348 0023 3A       		.uleb128 0x3a
 349 0024 0B       		.uleb128 0xb
 350 0025 3B       		.uleb128 0x3b
 351 0026 0B       		.uleb128 0xb
 352 0027 49       		.uleb128 0x49
 353 0028 13       		.uleb128 0x13
 354 0029 00       		.byte	0
 355 002a 00       		.byte	0
 356 002b 04       		.uleb128 0x4
 357 002c 24       		.uleb128 0x24
 358 002d 00       		.byte	0
 359 002e 0B       		.uleb128 0xb
 360 002f 0B       		.uleb128 0xb
 361 0030 3E       		.uleb128 0x3e
 362 0031 0B       		.uleb128 0xb
 363 0032 03       		.uleb128 0x3
 364 0033 08       		.uleb128 0x8
 365 0034 00       		.byte	0
 366 0035 00       		.byte	0
 367 0036 05       		.uleb128 0x5
 368 0037 2E       		.uleb128 0x2e
 369 0038 01       		.byte	0x1
 370 0039 3F       		.uleb128 0x3f
 371 003a 19       		.uleb128 0x19
 372 003b 03       		.uleb128 0x3
ARM GAS  C:\Users\crist\AppData\Local\Temp\ccU9orB0.s 			page 8


 373 003c 0E       		.uleb128 0xe
 374 003d 3A       		.uleb128 0x3a
 375 003e 0B       		.uleb128 0xb
 376 003f 3B       		.uleb128 0x3b
 377 0040 0B       		.uleb128 0xb
 378 0041 27       		.uleb128 0x27
 379 0042 19       		.uleb128 0x19
 380 0043 11       		.uleb128 0x11
 381 0044 01       		.uleb128 0x1
 382 0045 12       		.uleb128 0x12
 383 0046 06       		.uleb128 0x6
 384 0047 40       		.uleb128 0x40
 385 0048 18       		.uleb128 0x18
 386 0049 9742     		.uleb128 0x2117
 387 004b 19       		.uleb128 0x19
 388 004c 01       		.uleb128 0x1
 389 004d 13       		.uleb128 0x13
 390 004e 00       		.byte	0
 391 004f 00       		.byte	0
 392 0050 06       		.uleb128 0x6
 393 0051 898201   		.uleb128 0x4109
 394 0054 00       		.byte	0
 395 0055 11       		.uleb128 0x11
 396 0056 01       		.uleb128 0x1
 397 0057 31       		.uleb128 0x31
 398 0058 13       		.uleb128 0x13
 399 0059 00       		.byte	0
 400 005a 00       		.byte	0
 401 005b 07       		.uleb128 0x7
 402 005c 898201   		.uleb128 0x4109
 403 005f 01       		.byte	0x1
 404 0060 11       		.uleb128 0x11
 405 0061 01       		.uleb128 0x1
 406 0062 31       		.uleb128 0x31
 407 0063 13       		.uleb128 0x13
 408 0064 01       		.uleb128 0x1
 409 0065 13       		.uleb128 0x13
 410 0066 00       		.byte	0
 411 0067 00       		.byte	0
 412 0068 08       		.uleb128 0x8
 413 0069 8A8201   		.uleb128 0x410a
 414 006c 00       		.byte	0
 415 006d 02       		.uleb128 0x2
 416 006e 18       		.uleb128 0x18
 417 006f 9142     		.uleb128 0x2111
 418 0071 18       		.uleb128 0x18
 419 0072 00       		.byte	0
 420 0073 00       		.byte	0
 421 0074 09       		.uleb128 0x9
 422 0075 898201   		.uleb128 0x4109
 423 0078 01       		.byte	0x1
 424 0079 11       		.uleb128 0x11
 425 007a 01       		.uleb128 0x1
 426 007b 31       		.uleb128 0x31
 427 007c 13       		.uleb128 0x13
 428 007d 00       		.byte	0
 429 007e 00       		.byte	0
ARM GAS  C:\Users\crist\AppData\Local\Temp\ccU9orB0.s 			page 9


 430 007f 0A       		.uleb128 0xa
 431 0080 2E       		.uleb128 0x2e
 432 0081 01       		.byte	0x1
 433 0082 3F       		.uleb128 0x3f
 434 0083 19       		.uleb128 0x19
 435 0084 03       		.uleb128 0x3
 436 0085 0E       		.uleb128 0xe
 437 0086 3A       		.uleb128 0x3a
 438 0087 0B       		.uleb128 0xb
 439 0088 3B       		.uleb128 0x3b
 440 0089 0B       		.uleb128 0xb
 441 008a 27       		.uleb128 0x27
 442 008b 19       		.uleb128 0x19
 443 008c 49       		.uleb128 0x49
 444 008d 13       		.uleb128 0x13
 445 008e 8701     		.uleb128 0x87
 446 0090 19       		.uleb128 0x19
 447 0091 11       		.uleb128 0x11
 448 0092 01       		.uleb128 0x1
 449 0093 12       		.uleb128 0x12
 450 0094 06       		.uleb128 0x6
 451 0095 40       		.uleb128 0x40
 452 0096 18       		.uleb128 0x18
 453 0097 9742     		.uleb128 0x2117
 454 0099 19       		.uleb128 0x19
 455 009a 01       		.uleb128 0x1
 456 009b 13       		.uleb128 0x13
 457 009c 00       		.byte	0
 458 009d 00       		.byte	0
 459 009e 0B       		.uleb128 0xb
 460 009f 34       		.uleb128 0x34
 461 00a0 00       		.byte	0
 462 00a1 03       		.uleb128 0x3
 463 00a2 0E       		.uleb128 0xe
 464 00a3 3A       		.uleb128 0x3a
 465 00a4 0B       		.uleb128 0xb
 466 00a5 3B       		.uleb128 0x3b
 467 00a6 05       		.uleb128 0x5
 468 00a7 49       		.uleb128 0x49
 469 00a8 13       		.uleb128 0x13
 470 00a9 3F       		.uleb128 0x3f
 471 00aa 19       		.uleb128 0x19
 472 00ab 3C       		.uleb128 0x3c
 473 00ac 19       		.uleb128 0x19
 474 00ad 00       		.byte	0
 475 00ae 00       		.byte	0
 476 00af 0C       		.uleb128 0xc
 477 00b0 35       		.uleb128 0x35
 478 00b1 00       		.byte	0
 479 00b2 49       		.uleb128 0x49
 480 00b3 13       		.uleb128 0x13
 481 00b4 00       		.byte	0
 482 00b5 00       		.byte	0
 483 00b6 0D       		.uleb128 0xd
 484 00b7 34       		.uleb128 0x34
 485 00b8 00       		.byte	0
 486 00b9 03       		.uleb128 0x3
ARM GAS  C:\Users\crist\AppData\Local\Temp\ccU9orB0.s 			page 10


 487 00ba 0E       		.uleb128 0xe
 488 00bb 3A       		.uleb128 0x3a
 489 00bc 0B       		.uleb128 0xb
 490 00bd 3B       		.uleb128 0x3b
 491 00be 0B       		.uleb128 0xb
 492 00bf 49       		.uleb128 0x49
 493 00c0 13       		.uleb128 0x13
 494 00c1 3F       		.uleb128 0x3f
 495 00c2 19       		.uleb128 0x19
 496 00c3 02       		.uleb128 0x2
 497 00c4 18       		.uleb128 0x18
 498 00c5 00       		.byte	0
 499 00c6 00       		.byte	0
 500 00c7 0E       		.uleb128 0xe
 501 00c8 2E       		.uleb128 0x2e
 502 00c9 00       		.byte	0
 503 00ca 3F       		.uleb128 0x3f
 504 00cb 19       		.uleb128 0x19
 505 00cc 3C       		.uleb128 0x3c
 506 00cd 19       		.uleb128 0x19
 507 00ce 6E       		.uleb128 0x6e
 508 00cf 0E       		.uleb128 0xe
 509 00d0 03       		.uleb128 0x3
 510 00d1 0E       		.uleb128 0xe
 511 00d2 3A       		.uleb128 0x3a
 512 00d3 0B       		.uleb128 0xb
 513 00d4 3B       		.uleb128 0x3b
 514 00d5 0B       		.uleb128 0xb
 515 00d6 00       		.byte	0
 516 00d7 00       		.byte	0
 517 00d8 00       		.byte	0
 518              		.section	.debug_aranges,"",%progbits
 519 0000 24000000 		.4byte	0x24
 520 0004 0200     		.2byte	0x2
 521 0006 00000000 		.4byte	.Ldebug_info0
 522 000a 04       		.byte	0x4
 523 000b 00       		.byte	0
 524 000c 0000     		.2byte	0
 525 000e 0000     		.2byte	0
 526 0010 00000000 		.4byte	.LFB63
 527 0014 30000000 		.4byte	.LFE63-.LFB63
 528 0018 00000000 		.4byte	.LFB64
 529 001c 14000000 		.4byte	.LFE64-.LFB64
 530 0020 00000000 		.4byte	0
 531 0024 00000000 		.4byte	0
 532              		.section	.debug_ranges,"",%progbits
 533              	.Ldebug_ranges0:
 534 0000 00000000 		.4byte	.LFB63
 535 0004 30000000 		.4byte	.LFE63
 536 0008 00000000 		.4byte	.LFB64
 537 000c 14000000 		.4byte	.LFE64
 538 0010 00000000 		.4byte	0
 539 0014 00000000 		.4byte	0
 540              		.section	.debug_line,"",%progbits
 541              	.Ldebug_line0:
 542 0000 93010000 		.section	.debug_str,"MS",%progbits,1
 542      02006101 
ARM GAS  C:\Users\crist\AppData\Local\Temp\ccU9orB0.s 			page 11


 542      00000201 
 542      FB0E0D00 
 542      01010101 
 543              	.LASF6:
 544 0000 6C6F6E67 		.ascii	"long long int\000"
 544      206C6F6E 
 544      6720696E 
 544      7400
 545              	.LASF3:
 546 000e 73686F72 		.ascii	"short unsigned int\000"
 546      7420756E 
 546      7369676E 
 546      65642069 
 546      6E7400
 547              	.LASF8:
 548 0021 756E7369 		.ascii	"unsigned int\000"
 548      676E6564 
 548      20696E74 
 548      00
 549              	.LASF24:
 550 002e 6D61696E 		.ascii	"main.c\000"
 550      2E6300
 551              	.LASF27:
 552 0035 6D61696E 		.ascii	"main\000"
 552      00
 553              	.LASF0:
 554 003a 7369676E 		.ascii	"signed char\000"
 554      65642063 
 554      68617200 
 555              	.LASF23:
 556 0046 474E5520 		.ascii	"GNU C11 5.4.1 20160609 (release) [ARM/embedded-5-br"
 556      43313120 
 556      352E342E 
 556      31203230 
 556      31363036 
 557 0079 616E6368 		.ascii	"anch revision 237715] -mcpu=cortex-m3 -mthumb -g -O"
 557      20726576 
 557      6973696F 
 557      6E203233 
 557      37373135 
 558 00ac 67202D66 		.ascii	"g -ffunction-sections -ffat-lto-objects\000"
 558      66756E63 
 558      74696F6E 
 558      2D736563 
 558      74696F6E 
 559              	.LASF5:
 560 00d4 6C6F6E67 		.ascii	"long unsigned int\000"
 560      20756E73 
 560      69676E65 
 560      6420696E 
 560      7400
 561              	.LASF20:
 562 00e6 4F555453 		.ascii	"OUTS_Write\000"
 562      5F577269 
 562      746500
 563              	.LASF7:
 564 00f1 6C6F6E67 		.ascii	"long long unsigned int\000"
ARM GAS  C:\Users\crist\AppData\Local\Temp\ccU9orB0.s 			page 12


 564      206C6F6E 
 564      6720756E 
 564      7369676E 
 564      65642069 
 565              	.LASF21:
 566 0108 55415254 		.ascii	"UART_1_Start\000"
 566      5F315F53 
 566      74617274 
 566      00
 567              	.LASF1:
 568 0115 756E7369 		.ascii	"unsigned char\000"
 568      676E6564 
 568      20636861 
 568      7200
 569              	.LASF13:
 570 0123 63686172 		.ascii	"char\000"
 570      00
 571              	.LASF22:
 572 0128 4953525F 		.ascii	"ISR_RX_StartEx\000"
 572      52585F53 
 572      74617274 
 572      457800
 573              	.LASF4:
 574 0137 6C6F6E67 		.ascii	"long int\000"
 574      20696E74 
 574      00
 575              	.LASF19:
 576 0140 55415254 		.ascii	"UART_1_PutChar\000"
 576      5F315F50 
 576      75744368 
 576      617200
 577              	.LASF12:
 578 014f 646F7562 		.ascii	"double\000"
 578      6C6500
 579              	.LASF25:
 580 0156 433A5C55 		.ascii	"C:\\Users\\crist\\OneDrive\\Escritorio\\Universidad"
 580      73657273 
 580      5C637269 
 580      73745C4F 
 580      6E654472 
 581 0184 5C4C4153 		.ascii	"\\LASER\\Tesis\\Prueba_psoc\\Prueba1.cydsn\000"
 581      45525C54 
 581      65736973 
 581      5C507275 
 581      6562615F 
 582              	.LASF16:
 583 01ab 49544D5F 		.ascii	"ITM_RxBuffer\000"
 583      52784275 
 583      66666572 
 583      00
 584              	.LASF17:
 585 01b8 6461746F 		.ascii	"dato\000"
 585      00
 586              	.LASF14:
 587 01bd 6C6F6E67 		.ascii	"long double\000"
 587      20646F75 
 587      626C6500 
ARM GAS  C:\Users\crist\AppData\Local\Temp\ccU9orB0.s 			page 13


 588              	.LASF9:
 589 01c9 5F5F696E 		.ascii	"__int32_t\000"
 589      7433325F 
 589      7400
 590              	.LASF18:
 591 01d3 55415254 		.ascii	"UART_1_GetChar\000"
 591      5F315F47 
 591      65744368 
 591      617200
 592              	.LASF11:
 593 01e2 666C6F61 		.ascii	"float\000"
 593      7400
 594              	.LASF26:
 595 01e8 496E7465 		.ascii	"InterruptRX\000"
 595      72727570 
 595      74525800 
 596              	.LASF2:
 597 01f4 73686F72 		.ascii	"short int\000"
 597      7420696E 
 597      7400
 598              	.LASF10:
 599 01fe 696E7433 		.ascii	"int32_t\000"
 599      325F7400 
 600              	.LASF15:
 601 0206 73697A65 		.ascii	"sizetype\000"
 601      74797065 
 601      00
 602              		.ident	"GCC: (GNU Tools for ARM Embedded Processors) 5.4.1 20160609 (release) [ARM/embedded-5-bran
